<?xml version="1.0" encoding="UTF-8" ?>
<testsuite errors="0" failures="0" hostname="XB-20170930MEFT" name="com.test.MyTestB" skipped="0" tests="2" time="0.051" timestamp="2018-11-23T03:13:19">
  <properties>
[...]
</properties>
  <testcase classname="com.test.MyTestB" name="test1" time="0.005" />
  <testcase classname="com.test.MyTestB" name="test2" time="0.0" />
  <system-out><![CDATA[目前调用函数B
得到字符串:lemuhasukidesu
目前调用函数B
得到字符串:
]]></system-out>
  <system-err><![CDATA[]]></system-err>
</testsuite>
